============================= test session starts =============================
platform win32 -- Python 3.12.10, pytest-9.1.1, pluggy-1.6.0 -- c:\Users\Doro\TTS_MultiModel\WPy64-312101\python\python.exe
cachedir: .pytest_cache
rootdir: c:\Users\Doro\TTS_MultiModel
configfile: pyproject.toml
plugins: anyio-4.12.1, hydra-core-1.3.2, asyncio-1.4.0, cov-7.1.0, typeguard-4.5.1
asyncio: mode=Mode.STRICT, debug=False, asyncio_default_fixture_loop_scope=None, asyncio_default_test_loop_scope=function
collecting ... collected 473 items / 44 deselected / 429 selected

tests/benchmarks/test_generation_bench.py::TestGenerationBenchmarks::test_text_splitting_performance <- ..\..\HONOR\TTS_MultiModel\tests\benchmarks\test_generation_bench.py PASSED [  0%]
tests/benchmarks/test_generation_bench.py::TestGenerationBenchmarks::test_audio_merge_performance <- ..\..\HONOR\TTS_MultiModel\tests\benchmarks\test_generation_bench.py PASSED [  0%]
tests/benchmarks/test_generation_bench.py::TestGenerationBenchmarks::test_cache_operations_performance <- ..\..\HONOR\TTS_MultiModel\tests\benchmarks\test_generation_bench.py PASSED [  0%]
tests/benchmarks/test_generation_bench.py::TestGenerationBenchmarks::test_cache_hit_miss_latency <- ..\..\HONOR\TTS_MultiModel\tests\benchmarks\test_generation_bench.py PASSED [  0%]
tests/benchmarks/test_generation_bench.py::TestGenerationBenchmarks::test_adaptive_cache_capacity_adaptation <- ..\..\HONOR\TTS_MultiModel\tests\benchmarks\test_generation_bench.py PASSED [  1%]
tests/e2e/test_tab_collapse_interaction.py::TestPageLoad::test_home_page_loads SKIPPED [  1%]
tests/e2e/test_tab_collapse_interaction.py::TestPageLoad::test_home_page_has_sidebar SKIPPED [  1%]
tests/e2e/test_tab_collapse_interaction.py::TestPageLoad::test_home_page_has_tab_content SKIPPED [  1%]
tests/e2e/test_tab_collapse_interaction.py::TestTabSwitching::test_tab_navigation SKIPPED [  2%]
tests/e2e/test_tab_collapse_interaction.py::TestTabSwitching::test_dotstts_tab_loads SKIPPED [  2%]
tests/e2e/test_tab_collapse_interaction.py::TestTabSwitching::test_voxcpm2_tab_loads SKIPPED [  2%]
tests/e2e/test_tab_collapse_interaction.py::TestTabSwitching::test_indextts2_tab_loads SKIPPED [  2%]
tests/e2e/test_tab_collapse_interaction.py::TestCollapseInteraction::test_collapse_toggle SKIPPED [  3%]
tests/e2e/test_tab_collapse_interaction.py::TestResponsiveLayout::test_mobile_sidebar_hidden SKIPPED [  3%]
tests/e2e/test_tab_collapse_interaction.py::TestResponsiveLayout::test_mobile_hamburger_visible SKIPPED [  3%]
tests/e2e/test_tab_collapse_interaction.py::TestResponsiveLayout::test_mobile_content_full_width SKIPPED [  3%]
tests/e2e/test_tab_collapse_interaction.py::TestResponsiveLayout::test_tablet_layout SKIPPED [  3%]
tests/integration/test_real_inference_smoke.py::TestRealInferenceSmoke::test_health_check SKIPPED [  4%]
tests/integration/test_real_inference_smoke.py::TestRealInferenceSmoke::test_model_status SKIPPED [  4%]
tests/integration/test_real_inference_smoke.py::TestRealInferenceSmoke::test_load_voxcpm2 SKIPPED [  4%]
tests/integration/test_real_inference_smoke.py::TestRealInferenceSmoke::test_voxcpm2_clone SKIPPED [  4%]
tests/integration/test_real_inference_smoke.py::TestRealInferenceSmoke::test_load_indextts2 SKIPPED [  5%]
tests/integration/test_real_inference_smoke.py::TestRealInferenceSmoke::test_indextts2_synthesize SKIPPED [  5%]
tests/integration/test_real_inference_smoke.py::TestRealInferenceSmoke::test_sse_events SKIPPED [  5%]
tests/test_app.py::test_app_creation <- ..\..\HONOR\TTS_MultiModel\tests\test_app.py PASSED [  5%]
tests/test_app.py::test_health_ping <- ..\..\HONOR\TTS_MultiModel\tests\test_app.py PASSED [  6%]
tests/test_app.py::test_health_ready <- ..\..\HONOR\TTS_MultiModel\tests\test_app.py PASSED [  6%]
tests/test_app.py::test_auth_middleware_disabled <- ..\..\HONOR\TTS_MultiModel\tests\test_app.py PASSED [  6%]
tests/test_app_server.py::test_health_ping <- ..\..\HONOR\TTS_MultiModel\tests\test_app_server.py PASSED [  6%]
tests/test_app_server.py::test_static_cache_headers <- ..\..\HONOR\TTS_MultiModel\tests\test_app_server.py PASSED [  6%]
tests/test_audio_processing.py::TestAudioProcessing::test_module_import PASSED [  7%]
tests/test_audio_processing.py::TestAudioProcessing::test_normalize_loudness_silence PASSED [  7%]
tests/test_audio_processing.py::TestAudioProcessing::test_normalize_loudness_sine PASSED [  7%]
tests/test_audio_processing.py::TestAudioProcessing::test_normalize_loudness_preserves_shape PASSED [  7%]
tests/test_audio_processing.py::TestAudioFormatDetection::test_wav_magic_bytes PASSED [  8%]
tests/test_audio_processing.py::TestAudioFormatDetection::test_mp3_id3_magic_bytes PASSED [  8%]
tests/test_audio_processing.py::TestAudioFormatDetection::test_flac_magic_bytes PASSED [  8%]
tests/test_audio_processing.py::TestAudioFormatDetection::test_ogg_magic_bytes PASSED [  8%]
tests/test_audio_processing.py::TestAudioFormatDetection::test_mismatch_rejected PASSED [  9%]
tests/test_audio_processing.py::TestAudioFormatDetection::test_unknown_format_allowed PASSED [  9%]
tests/test_audio_processing.py::TestEnhanceAudioPipeline::test_noop_returns_input_unchanged PASSED [  9%]
tests/test_audio_processing.py::TestEnhanceAudioPipeline::test_normalize_only_does_not_mutate_input PASSED [  9%]
tests/test_audio_processing.py::TestEnhanceAudioPipeline::test_trim_silence_does_not_mutate_input PASSED [ 10%]
tests/test_audio_processing.py::TestEnhanceAudioPipeline::test_full_pipeline_does_not_mutate_input PASSED [ 10%]
tests/test_audio_processing.py::TestEnhanceAudioPipeline::test_empty_input PASSED [ 10%]
tests/test_auth.py::TestAPIAuthMiddleware::test_middleware_import <- ..\..\HONOR\TTS_MultiModel\tests\test_auth.py PASSED [ 10%]
tests/test_auth.py::TestAPIAuthMiddleware::test_public_paths_defined <- ..\..\HONOR\TTS_MultiModel\tests\test_auth.py PASSED [ 10%]
tests/test_auth.py::TestAPIAuthMiddleware::test_middleware_with_auth_disabled <- ..\..\HONOR\TTS_MultiModel\tests\test_auth.py PASSED [ 11%]
tests/test_auth.py::TestAPIAuthMiddleware::test_middleware_with_auth_enabled <- ..\..\HONOR\TTS_MultiModel\tests\test_auth.py PASSED [ 11%]
tests/test_auth.py::TestAPIAuthMiddleware::test_empty_token_rejected <- ..\..\HONOR\TTS_MultiModel\tests\test_auth.py PASSED [ 11%]
tests/test_auth.py::TestAuthConfiguration::test_config_has_api_auth <- ..\..\HONOR\TTS_MultiModel\tests\test_auth.py PASSED [ 11%]
tests/test_auth.py::TestAuthConfiguration::test_api_auth_has_enabled_field <- ..\..\HONOR\TTS_MultiModel\tests\test_auth.py PASSED [ 12%]
tests/test_auth.py::TestAuthConfiguration::test_api_auth_has_token_field <- ..\..\HONOR\TTS_MultiModel\tests\test_auth.py PASSED [ 12%]
tests/test_auth_integration.py::TestAPIAuthMiddleware::test_valid_token_accepted <- ..\..\HONOR\TTS_MultiModel\tests\test_auth_integration.py PASSED [ 12%]
tests/test_auth_integration.py::TestAPIAuthMiddleware::test_invalid_token_rejected <- ..\..\HONOR\TTS_MultiModel\tests\test_auth_integration.py PASSED [ 12%]
tests/test_auth_integration.py::TestAPIAuthMiddleware::test_missing_token_rejected <- ..\..\HONOR\TTS_MultiModel\tests\test_auth_integration.py PASSED [ 13%]
tests/test_auth_integration.py::TestAPIAuthMiddleware::test_empty_token_rejects_all <- ..\..\HONOR\TTS_MultiModel\tests\test_auth_integration.py PASSED [ 13%]
tests/test_auth_integration.py::TestAPIAuthMiddleware::test_empty_token_rejects_no_header <- ..\..\HONOR\TTS_MultiModel\tests\test_auth_integration.py PASSED [ 13%]
tests/test_auth_integration.py::TestAPIAuthMiddleware::test_health_endpoint_bypasses_auth <- ..\..\HONOR\TTS_MultiModel\tests\test_auth_integration.py PASSED [ 13%]
tests/test_auth_integration.py::TestAPIAuthMiddleware::test_public_pages_bypass_auth <- ..\..\HONOR\TTS_MultiModel\tests\test_auth_integration.py PASSED [ 13%]
tests/test_auth_integration.py::TestAPIAuthMiddleware::test_auth_disabled_allows_all <- ..\..\HONOR\TTS_MultiModel\tests\test_auth_integration.py PASSED [ 14%]
tests/test_cache.py::TestLRUCache::test_put_and_get <- ..\..\HONOR\TTS_MultiModel\tests\test_cache.py PASSED [ 14%]
tests/test_cache.py::TestLRUCache::test_eviction <- ..\..\HONOR\TTS_MultiModel\tests\test_cache.py PASSED [ 14%]
tests/test_cache.py::TestLRUCache::test_lru_order_update <- ..\..\HONOR\TTS_MultiModel\tests\test_cache.py PASSED [ 14%]
tests/test_cache.py::TestLRUCache::test_overwrite <- ..\..\HONOR\TTS_MultiModel\tests\test_cache.py PASSED [ 15%]
tests/test_cache.py::TestLRUCache::test_stats <- ..\..\HONOR\TTS_MultiModel\tests\test_cache.py PASSED [ 15%]
tests/test_cache.py::TestLRUCache::test_contains <- ..\..\HONOR\TTS_MultiModel\tests\test_cache.py PASSED [ 15%]
tests/test_cache.py::TestLRUCache::test_delete <- ..\..\HONOR\TTS_MultiModel\tests\test_cache.py PASSED [ 15%]
tests/test_cache.py::TestLRUCache::test_stats_hit_rate <- ..\..\HONOR\TTS_MultiModel\tests\test_cache.py PASSED [ 16%]
tests/test_cache.py::TestLRUCache::test_reset_stats <- ..\..\HONOR\TTS_MultiModel\tests\test_cache.py PASSED [ 16%]
tests/test_cache.py::TestLRUCache::test_empty_cache_get_miss <- ..\..\HONOR\TTS_MultiModel\tests\test_cache.py PASSED [ 16%]
tests/test_cache.py::TestLRUCache::test_maxsize_one <- ..\..\HONOR\TTS_MultiModel\tests\test_cache.py PASSED [ 16%]
tests/test_cache.py::TestAdaptiveLRUCache::test_basic_put_get <- ..\..\HONOR\TTS_MultiModel\tests\test_cache.py PASSED [ 17%]
tests/test_cache.py::TestAdaptiveLRUCache::test_memory_estimate <- ..\..\HONOR\TTS_MultiModel\tests\test_cache.py PASSED [ 17%]
tests/test_cache.py::TestAdaptiveLRUCache::test_clear <- ..\..\HONOR\TTS_MultiModel\tests\test_cache.py PASSED [ 17%]
tests/test_cache.py::TestAdaptiveLRUCache::test_eviction_count <- ..\..\HONOR\TTS_MultiModel\tests\test_cache.py PASSED [ 17%]
tests/test_cache.py::TestAdaptiveLRUCache::test_delete_updates_memory <- ..\..\HONOR\TTS_MultiModel\tests\test_cache.py PASSED [ 17%]
tests/test_cache.py::TestAdaptiveLRUCache::test_overwrite_same_key <- ..\..\HONOR\TTS_MultiModel\tests\test_cache.py PASSED [ 18%]
tests/test_config.py::TestConfigLoading::test_load_default_config <- ..\..\HONOR\TTS_MultiModel\tests\test_config.py PASSED [ 18%]
tests/test_config.py::TestConfigLoading::test_sse_config_defaults <- ..\..\HONOR\TTS_MultiModel\tests\test_config.py PASSED [ 18%]
tests/test_config.py::TestConfigLoading::test_audio_player_config_defaults <- ..\..\HONOR\TTS_MultiModel\tests\test_config.py PASSED [ 18%]
tests/test_config.py::TestConfigLoading::test_ui_config_defaults <- ..\..\HONOR\TTS_MultiModel\tests\test_config.py PASSED [ 19%]
tests/test_config.py::TestConfigLoading::test_config_yaml_exists <- ..\..\HONOR\TTS_MultiModel\tests\test_config.py PASSED [ 19%]
tests/test_config.py::TestConfigLoading::test_config_yaml_parseable <- ..\..\HONOR\TTS_MultiModel\tests\test_config.py PASSED [ 19%]
tests/test_config.py::TestConfigValidation::test_generation_config_invalid_chars_per_segment_raises <- ..\..\HONOR\TTS_MultiModel\tests\test_config.py PASSED [ 19%]
tests/test_config.py::TestConfigValidation::test_generation_defaults_invalid_timesteps_raises <- ..\..\HONOR\TTS_MultiModel\tests\test_config.py PASSED [ 20%]
tests/test_config.py::TestConfigValidation::test_server_config_invalid_port_raises <- ..\..\HONOR\TTS_MultiModel\tests\test_config.py PASSED [ 20%]
tests/test_config.py::TestConfigValidation::test_memory_config_invalid_cache_size_raises <- ..\..\HONOR\TTS_MultiModel\tests\test_config.py PASSED [ 20%]
tests/test_config.py::TestConfigValidation::test_server_config_workers_gt1_raises <- ..\..\HONOR\TTS_MultiModel\tests\test_config.py PASSED [ 20%]
tests/test_config_models.py::TestAdvancedParamsConfig::test_default_values <- ..\..\HONOR\TTS_MultiModel\tests\test_config_models.py PASSED [ 20%]
tests/test_config_models.py::TestAdvancedParamsConfig::test_custom_values <- ..\..\HONOR\TTS_MultiModel\tests\test_config_models.py PASSED [ 21%]
tests/test_config_models.py::TestAdvancedParamsConfig::test_to_dict <- ..\..\HONOR\TTS_MultiModel\tests\test_config_models.py PASSED [ 21%]
tests/test_config_models.py::TestAdvancedParamsConfig::test_validation_max_len_range <- ..\..\HONOR\TTS_MultiModel\tests\test_config_models.py PASSED [ 21%]
tests/test_config_models.py::TestAdvancedParamsConfig::test_validation_retry_max_times_range <- ..\..\HONOR\TTS_MultiModel\tests\test_config_models.py PASSED [ 21%]
tests/test_config_models.py::TestBuildAdvancedParams::test_build_with_overrides <- ..\..\HONOR\TTS_MultiModel\tests\test_config_models.py PASSED [ 22%]
tests/test_config_models.py::TestBuildAdvancedParams::test_build_ignores_unknown_keys <- ..\..\HONOR\TTS_MultiModel\tests\test_config_models.py PASSED [ 22%]
tests/test_config_models.py::TestBuildAdvancedParams::test_build_no_overrides <- ..\..\HONOR\TTS_MultiModel\tests\test_config_models.py PASSED [ 22%]
tests/test_config_models.py::TestAdvancedKwargs::test_default_kwargs <- ..\..\HONOR\TTS_MultiModel\tests\test_config_models.py PASSED [ 22%]
tests/test_config_models.py::TestAdvancedKwargs::test_custom_kwargs <- ..\..\HONOR\TTS_MultiModel\tests\test_config_models.py PASSED [ 23%]
tests/test_config_models.py::TestGetAdvancedParams::test_returns_dict <- ..\..\HONOR\TTS_MultiModel\tests\test_config_models.py PASSED [ 23%]
tests/test_csrf_integration.py::TestCSRFMiddleware::test_get_requests_allowed <- ..\..\HONOR\TTS_MultiModel\tests\test_csrf_integration.py PASSED [ 23%]
tests/test_csrf_integration.py::TestCSRFMiddleware::test_post_without_csrf_token_rejected <- ..\..\HONOR\TTS_MultiModel\tests\test_csrf_integration.py PASSED [ 23%]
tests/test_csrf_integration.py::TestCSRFMiddleware::test_htmx_request_not_bypassed <- ..\..\HONOR\TTS_MultiModel\tests\test_csrf_integration.py PASSED [ 24%]
tests/test_csrf_integration.py::TestCSRFMiddleware::test_post_with_valid_csrf_token <- ..\..\HONOR\TTS_MultiModel\tests\test_csrf_integration.py PASSED [ 24%]
tests/test_csrf_integration.py::TestCSRFMiddleware::test_post_with_mismatched_csrf_token <- ..\..\HONOR\TTS_MultiModel\tests\test_csrf_integration.py PASSED [ 24%]
tests/test_csrf_integration.py::TestCSRFMiddleware::test_put_requires_csrf_token <- ..\..\HONOR\TTS_MultiModel\tests\test_csrf_integration.py PASSED [ 24%]
tests/test_csrf_integration.py::TestCSRFMiddleware::test_delete_requires_csrf_token <- ..\..\HONOR\TTS_MultiModel\tests\test_csrf_integration.py PASSED [ 24%]
tests/test_dotstts_engine.py::TestDotsTTSEngineLifecycle::test_engine_class_exists PASSED [ 25%]
tests/test_dotstts_engine.py::TestDotsTTSEngineLifecycle::test_engine_is_tts_engine_subclass PASSED [ 25%]
tests/test_dotstts_engine.py::TestDotsTTSEngineLifecycle::test_construct_without_model_dir PASSED [ 25%]
tests/test_dotstts_engine.py::TestDotsTTSEngineLifecycle::test_construct_with_custom_model_dir PASSED [ 25%]
tests/test_dotstts_engine.py::TestDotsTTSEngineLifecycle::test_is_ready_false_initially PASSED [ 26%]
tests/test_dotstts_engine.py::TestDotsTTSEngineLifecycle::test_version_returns_string PASSED [ 26%]
tests/test_dotstts_engine.py::TestDotsTTSEngineLifecycle::test_unload_without_loaded_is_safe PASSED [ 26%]
tests/test_dotstts_engine.py::TestDotsTTSEngineLifecycle::test_class_name_is_dotstts PASSED [ 26%]
tests/test_dotstts_engine.py::TestDotsTTSEngineLifecycle::test_precision_attribute_set PASSED [ 27%]
tests/test_dotstts_engine.py::TestDotsTTSEngineNotLoadedErrors::test_generate_voice_clone_without_load PASSED [ 27%]
tests/test_dotstts_engine.py::TestDotsTTSEngineNotLoadedErrors::test_generate_streaming_without_load PASSED [ 27%]
tests/test_dotstts_engine.py::TestDotsTTSEngineUnsupportedFeatures::test_generate_voice_design_not_implemented PASSED [ 27%]
tests/test_dotstts_engine.py::TestDotsTTSEngineUnsupportedFeatures::test_generate_script_not_implemented PASSED [ 27%]
tests/test_dotstts_engine.py::TestDotsTTSEngineLoadFailurePaths::test_load_missing_model_dir_raises PASSED [ 28%]
tests/test_engine_interface.py::TestEngineInterface::test_engine_interface_exists <- ..\..\HONOR\TTS_MultiModel\tests\test_engine_interface.py PASSED [ 28%]
tests/test_engine_interface.py::TestEngineInterface::test_engine_interface_is_protocol <- ..\..\HONOR\TTS_MultiModel\tests\test_engine_interface.py PASSED [ 28%]
tests/test_engine_interface.py::TestEngineInterface::test_engine_interface_has_required_methods <- ..\..\HONOR\TTS_MultiModel\tests\test_engine_interface.py PASSED [ 28%]
tests/test_engine_interface.py::TestEngineInterface::test_engine_registry_exists <- ..\..\HONOR\TTS_MultiModel\tests\test_engine_interface.py PASSED [ 29%]
tests/test_engine_interface.py::TestEngineInterface::test_engine_registry_has_list_engines <- ..\..\HONOR\TTS_MultiModel\tests\test_engine_interface.py PASSED [ 29%]
tests/test_engine_switch.py::TestEngineSwitch::test_rejects_unknown_engine <- ..\..\HONOR\TTS_MultiModel\tests\test_engine_switch.py PASSED [ 29%]
tests/test_engine_switch.py::TestEngineSwitch::test_engine_name_enum_values <- ..\..\HONOR\TTS_MultiModel\tests\test_engine_switch.py PASSED [ 29%]
tests/test_engine_switch.py::TestEngineSwitch::test_registry_initial_state <- ..\..\HONOR\TTS_MultiModel\tests\test_engine_switch.py PASSED [ 30%]
tests/test_exceptions.py::TestExceptionHierarchy::test_all_inherit_from_tts_error <- ..\..\HONOR\TTS_MultiModel\tests\test_exceptions.py PASSED [ 30%]
tests/test_exceptions.py::TestExceptionHierarchy::test_error_code <- ..\..\HONOR\TTS_MultiModel\tests\test_exceptions.py PASSED [ 30%]
tests/test_exceptions.py::TestExceptionHierarchy::test_validation_error_has_field <- ..\..\HONOR\TTS_MultiModel\tests\test_exceptions.py PASSED [ 30%]
tests/test_exceptions.py::TestExceptionHierarchy::test_generation_error_has_engine <- ..\..\HONOR\TTS_MultiModel\tests\test_exceptions.py PASSED [ 31%]
tests/test_exceptions.py::TestTTSErrorHandler::test_sync_reraise_tts_error <- ..\..\HONOR\TTS_MultiModel\tests\test_exceptions.py PASSED [ 31%]
tests/test_exceptions.py::TestTTSErrorHandler::test_sync_wraps_unknown_error <- ..\..\HONOR\TTS_MultiModel\tests\test_exceptions.py PASSED [ 31%]
tests/test_exceptions.py::TestTTSErrorHandler::test_async_wraps_unknown_error <- ..\..\HONOR\TTS_MultiModel\tests\test_exceptions.py PASSED [ 31%]
tests/test_exceptions.py::TestTTSErrorHandler::test_sync_success <- ..\..\HONOR\TTS_MultiModel\tests\test_exceptions.py PASSED [ 31%]
tests/test_generation.py::TestSplitTextForTTS::test_short_text_no_split <- ..\..\HONOR\TTS_MultiModel\tests\test_generation.py PASSED [ 32%]
tests/test_generation.py::TestSplitTextForTTS::test_split_at_chinese_period <- ..\..\HONOR\TTS_MultiModel\tests\test_generation.py PASSED [ 32%]
tests/test_generation.py::TestSplitTextForTTS::test_split_at_comma <- ..\..\HONOR\TTS_MultiModel\tests\test_generation.py PASSED [ 32%]
tests/test_generation.py::TestSplitTextForTTS::test_empty_text <- ..\..\HONOR\TTS_MultiModel\tests\test_generation.py PASSED [ 32%]
tests/test_generation.py::TestDecimalPoint::test_decimal_point <- ..\..\HONOR\TTS_MultiModel\tests\test_generation.py PASSED [ 33%]
tests/test_generation.py::TestDecimalPoint::test_not_decimal <- ..\..\HONOR\TTS_MultiModel\tests\test_generation.py PASSED [ 33%]
tests/test_generation.py::TestDecimalPoint::test_sentence_period <- ..\..\HONOR\TTS_MultiModel\tests\test_generation.py PASSED [ 33%]
tests/test_generation.py::TestAbbreviation::test_us_abbreviation <- ..\..\HONOR\TTS_MultiModel\tests\test_generation.py PASSED [ 33%]
tests/test_generation.py::TestAbbreviation::test_dr_abbreviation <- ..\..\HONOR\TTS_MultiModel\tests\test_generation.py PASSED [ 34%]
tests/test_generation.py::TestAbbreviation::test_not_abbreviation <- ..\..\HONOR\TTS_MultiModel\tests\test_generation.py PASSED [ 34%]
tests/test_generation.py::TestInsideQuotes::test_inside_chinese_quotes <- ..\..\HONOR\TTS_MultiModel\tests\test_generation.py PASSED [ 34%]
tests/test_generation.py::TestInsideQuotes::test_outside_quotes <- ..\..\HONOR\TTS_MultiModel\tests\test_generation.py PASSED [ 34%]
tests/test_generation.py::TestFindBestSplitPoint::test_find_chinese_period <- ..\..\HONOR\TTS_MultiModel\tests\test_generation.py PASSED [ 34%]
tests/test_generation.py::TestFindBestSplitPoint::test_no_split_point <- ..\..\HONOR\TTS_MultiModel\tests\test_generation.py PASSED [ 35%]
tests/test_hard_constraints.py::TestPreloadSafetyMargin::test_preload_safety_factor_constant_is_one_point_five PASSED [ 35%]
tests/test_hard_constraints.py::TestPreloadSafetyMargin::test_precheck_rejects_below_150_percent_margin PASSED [ 35%]
tests/test_hard_constraints.py::TestPreloadSafetyMargin::test_precheck_accepts_at_150_percent_margin PASSED [ 35%]
tests/test_hard_constraints.py::TestPreloadSafetyMargin::test_engine_switch_precheck_raises_when_memory_insufficient PASSED [ 36%]
tests/test_hard_constraints.py::TestPreloadSafetyMargin::test_engine_switch_precheck_skips_on_cpu_backend PASSED [ 36%]
tests/test_hard_constraints.py::TestCircuitBreaker::test_circuit_breaker_threshold_constant_is_90 PASSED [ 36%]
tests/test_hard_constraints.py::TestCircuitBreaker::test_circuit_breaker_trips_above_threshold PASSED [ 36%]
tests/test_hard_constraints.py::TestCircuitBreaker::test_circuit_breaker_stays_closed_below_threshold PASSED [ 37%]
tests/test_hard_constraints.py::TestCircuitBreaker::test_circuit_breaker_boundary_exactly_at_threshold PASSED [ 37%]
tests/test_hard_constraints.py::TestCircuitBreaker::test_circuit_breaker_increments_trip_counter PASSED [ 37%]
tests/test_hard_constraints.py::TestCircuitBreaker::test_circuit_breaker_conservative_on_read_failure PASSED [ 37%]
tests/test_hard_constraints.py::TestSerialModelLock::test_model_lock_is_reentrant_lock PASSED [ 37%]
tests/test_hard_constraints.py::TestSerialModelLock::test_model_lock_is_reentrant_in_same_thread PASSED [ 38%]
tests/test_hard_constraints.py::TestSerialModelLock::test_model_lock_serializes_across_threads PASSED [ 38%]
tests/test_history_db.py::TestHistoryDatabase::test_database_creation PASSED [ 38%]
tests/test_history_db.py::TestHistoryDatabase::test_add_record PASSED    [ 38%]
tests/test_history_db.py::TestHistoryDatabase::test_add_multiple_records PASSED [ 39%]
tests/test_history_db.py::TestHistoryDatabase::test_pagination PASSED    [ 39%]
tests/test_history_db.py::TestHistoryDatabase::test_search PASSED        [ 39%]
tests/test_history_db.py::TestHistoryDatabase::test_delete_records PASSED [ 39%]
tests/test_history_db.py::TestHistoryDatabase::test_hide_and_show_records PASSED [ 40%]
tests/test_history_db.py::TestHistoryDatabase::test_get_total_count PASSED [ 40%]
tests/test_history_db.py::TestHistoryDatabase::test_batch_delete_100_records PASSED [ 40%]
tests/test_history_db.py::TestHistoryDatabase::test_batch_hide_and_show_records PASSED [ 40%]
tests/test_history_db.py::TestHistoryDatabase::test_insert_and_query PASSED [ 41%]
tests/test_history_db.py::TestHistoryDatabase::test_count_and_stats PASSED [ 41%]
tests/test_history_db.py::TestHistoryDatabase::test_validate_integrity PASSED [ 41%]
tests/test_history_db.py::TestHistoryDatabaseMigration::test_migration_from_json PASSED [ 41%]
tests/test_history_db.py::TestHistoryDatabaseFTS::test_fts_enabled_on_modern_sqlite PASSED [ 41%]
tests/test_history_db.py::TestHistoryDatabaseFTS::test_fts_search_ascii_parity PASSED [ 42%]
tests/test_history_db.py::TestHistoryDatabaseFTS::test_fts_search_cjk PASSED [ 42%]
tests/test_history_db.py::TestHistoryDatabaseFTS::test_short_keyword_fallback PASSED [ 42%]
tests/test_history_db.py::TestHistoryDatabaseFTS::test_fts_replace_resync PASSED [ 42%]
tests/test_history_db.py::TestHistoryDatabaseFTS::test_fts_delete_resync PASSED [ 43%]
tests/test_history_db.py::TestHistoryDatabaseFTS::test_integrity_after_fts PASSED [ 43%]
tests/test_history_db.py::TestHistoryDatabaseKeyset::test_keyset_matches_offset_full_walk PASSED [ 43%]
tests/test_history_db.py::TestHistoryDatabaseKeyset::test_keyset_first_page_no_cursor PASSED [ 43%]
tests/test_history_db.py::TestHistoryDatabaseKeyset::test_keyset_last_page_cursor_none PASSED [ 44%]
tests/test_history_db.py::TestHistoryDatabaseKeyset::test_keyset_limit_clamped PASSED [ 44%]
tests/test_history_db.py::TestHistoryDatabaseKeyset::test_keyset_with_filter_and_search PASSED [ 44%]
tests/test_history_db.py::TestHistoryDatabaseMigrationHelper::test_add_new_column_and_idempotent PASSED [ 44%]
tests/test_history_db.py::TestHistoryDatabaseMigrationHelper::test_existing_migrations_idempotent PASSED [ 44%]
tests/test_i18n.py::TestI18n::test_translate_zh <- ..\..\HONOR\TTS_MultiModel\tests\test_i18n.py PASSED [ 45%]
tests/test_i18n.py::TestI18n::test_translate_en <- ..\..\HONOR\TTS_MultiModel\tests\test_i18n.py PASSED [ 45%]
tests/test_i18n.py::TestI18n::test_fallback_to_key <- ..\..\HONOR\TTS_MultiModel\tests\test_i18n.py PASSED [ 45%]
tests/test_i18n.py::TestI18n::test_supported_languages <- ..\..\HONOR\TTS_MultiModel\tests\test_i18n.py PASSED [ 45%]
tests/test_path_traversal.py::TestPathTraversalProtection::test_normal_path_allowed <- ..\..\HONOR\TTS_MultiModel\tests\test_path_traversal.py PASSED [ 46%]
tests/test_path_traversal.py::TestPathTraversalProtection::test_parent_traversal_blocked <- ..\..\HONOR\TTS_MultiModel\tests\test_path_traversal.py PASSED [ 46%]
tests/test_path_traversal.py::TestPathTraversalProtection::test_double_parent_traversal_blocked <- ..\..\HONOR\TTS_MultiModel\tests\test_path_traversal.py PASSED [ 46%]
tests/test_path_traversal.py::TestPathTraversalProtection::test_absolute_path_blocked <- ..\..\HONOR\TTS_MultiModel\tests\test_path_traversal.py PASSED [ 46%]
tests/test_path_traversal.py::TestPathTraversalProtection::test_null_byte_in_path <- ..\..\HONOR\TTS_MultiModel\tests\test_path_traversal.py PASSED [ 47%]
tests/test_path_traversal.py::TestPathTraversalProtection::test_encoded_traversal <- ..\..\HONOR\TTS_MultiModel\tests\test_path_traversal.py PASSED [ 47%]
tests/test_path_traversal.py::TestPathTraversalProtection::test_subdirectory_allowed <- ..\..\HONOR\TTS_MultiModel\tests\test_path_traversal.py PASSED [ 47%]
tests/test_path_traversal.py::TestPathTraversalProtection::test_current_dir_reference <- ..\..\HONOR\TTS_MultiModel\tests\test_path_traversal.py PASSED [ 47%]
tests/test_progress.py::TestProgressManager::test_start_and_complete <- ..\..\HONOR\TTS_MultiModel\tests\test_progress.py PASSED [ 48%]
tests/test_progress.py::TestProgressManager::test_advance_segment <- ..\..\HONOR\TTS_MultiModel\tests\test_progress.py PASSED [ 48%]
tests/test_progress.py::TestProgressManager::test_cancel <- ..\..\HONOR\TTS_MultiModel\tests\test_progress.py PASSED [ 48%]
tests/test_progress.py::TestProgressManager::test_reset <- ..\..\HONOR\TTS_MultiModel\tests\test_progress.py PASSED [ 48%]
tests/test_progress.py::TestProgressManager::test_update_phase <- ..\..\HONOR\TTS_MultiModel\tests\test_progress.py PASSED [ 48%]
tests/test_progress.py::TestProgressManager::test_add_chars_processed <- ..\..\HONOR\TTS_MultiModel\tests\test_progress.py PASSED [ 49%]
tests/test_progress.py::TestProgressManager::test_get_speed_stats <- ..\..\HONOR\TTS_MultiModel\tests\test_progress.py PASSED [ 49%]
tests/test_progress.py::TestProgressManager::test_progress_html_complete <- ..\..\HONOR\TTS_MultiModel\tests\test_progress.py PASSED [ 49%]
tests/test_progress.py::TestProgressManager::test_progress_html_too_early <- ..\..\HONOR\TTS_MultiModel\tests\test_progress.py PASSED [ 49%]
tests/test_progress.py::TestProgressManager::test_format_duration <- ..\..\HONOR\TTS_MultiModel\tests\test_progress.py PASSED [ 50%]
tests/test_progress.py::TestProgressManager::test_schedule_reset <- ..\..\HONOR\TTS_MultiModel\tests\test_progress.py PASSED [ 50%]
tests/test_prompt_cache.py::TestPromptCacheSerialization::test_cache_file_extension <- ..\..\HONOR\TTS_MultiModel\tests\test_prompt_cache.py PASSED [ 50%]
tests/test_prompt_cache.py::TestPromptCacheSerialization::test_metadata_extension <- ..\..\HONOR\TTS_MultiModel\tests\test_prompt_cache.py PASSED [ 50%]
tests/test_prompt_cache.py::TestPromptCacheSerialization::test_no_pickle_in_module <- ..\..\HONOR\TTS_MultiModel\tests\test_prompt_cache.py PASSED [ 51%]
tests/test_prompt_cache.py::TestPromptCacheSerialization::test_serialize_dict <- ..\..\HONOR\TTS_MultiModel\tests\test_prompt_cache.py PASSED [ 51%]
tests/test_prompt_cache.py::TestPromptCacheSerialization::test_serialize_nested_dict <- ..\..\HONOR\TTS_MultiModel\tests\test_prompt_cache.py PASSED [ 51%]
tests/test_prompt_cache.py::TestPromptCacheSerialization::test_serialize_list <- ..\..\HONOR\TTS_MultiModel\tests\test_prompt_cache.py PASSED [ 51%]
tests/test_prompt_cache.py::TestPromptCacheOperations::test_cache_directory_creation <- ..\..\HONOR\TTS_MultiModel\tests\test_prompt_cache.py PASSED [ 51%]
tests/test_prompt_cache.py::TestPromptCacheOperations::test_save_and_load <- ..\..\HONOR\TTS_MultiModel\tests\test_prompt_cache.py PASSED [ 52%]
tests/test_prompt_cache.py::TestPromptCacheOperations::test_cache_stats <- ..\..\HONOR\TTS_MultiModel\tests\test_prompt_cache.py PASSED [ 52%]
tests/test_prompt_cache.py::TestPromptCacheOperations::test_clear_cache <- ..\..\HONOR\TTS_MultiModel\tests\test_prompt_cache.py PASSED [ 52%]
tests/test_routes_htmx.py::test_tab_voice_design_returns_html_for_htmx PASSED [ 52%]
tests/test_routes_htmx.py::test_tab_voice_design_redirects_without_htmx PASSED [ 53%]
tests/test_security.py::TestCSRFMiddleware::test_csrf_middleware_import <- ..\..\HONOR\TTS_MultiModel\tests\test_security.py PASSED [ 53%]
tests/test_security.py::TestCSRFMiddleware::test_csrf_cookie_name <- ..\..\HONOR\TTS_MultiModel\tests\test_security.py PASSED [ 53%]
tests/test_security.py::TestCSRFMiddleware::test_csrf_header_name <- ..\..\HONOR\TTS_MultiModel\tests\test_security.py PASSED [ 53%]
tests/test_security.py::TestCSRFMiddleware::test_safe_methods_skip_validation <- ..\..\HONOR\TTS_MultiModel\tests\test_security.py PASSED [ 54%]
tests/test_security.py::TestTrainingParameterValidation::test_validate_valid_params <- ..\..\HONOR\TTS_MultiModel\tests\test_security.py PASSED [ 54%]
tests/test_security.py::TestTrainingParameterValidation::test_validate_invalid_learning_rate <- ..\..\HONOR\TTS_MultiModel\tests\test_security.py PASSED [ 54%]
tests/test_security.py::TestTrainingParameterValidation::test_validate_invalid_batch_size <- ..\..\HONOR\TTS_MultiModel\tests\test_security.py PASSED [ 54%]
tests/test_security.py::TestTrainingParameterValidation::test_validate_invalid_num_iters <- ..\..\HONOR\TTS_MultiModel\tests\test_security.py PASSED [ 55%]
tests/test_security.py::TestTrainingParameterValidation::test_validate_negative_weight_decay <- ..\..\HONOR\TTS_MultiModel\tests\test_security.py PASSED [ 55%]
tests/test_security.py::TestTrainingParameterValidation::test_validate_max_log_length <- ..\..\HONOR\TTS_MultiModel\tests\test_security.py PASSED [ 55%]
tests/test_security.py::TestAudioUploadValidation::test_magic_bytes_detection_wav <- ..\..\HONOR\TTS_MultiModel\tests\test_security.py PASSED [ 55%]
tests/test_security.py::TestAudioUploadValidation::test_magic_bytes_detection_mp3_id3 <- ..\..\HONOR\TTS_MultiModel\tests\test_security.py PASSED [ 55%]
tests/test_security.py::TestAudioUploadValidation::test_magic_bytes_detection_flac <- ..\..\HONOR\TTS_MultiModel\tests\test_security.py PASSED [ 56%]
tests/test_security.py::TestAudioUploadValidation::test_magic_bytes_mismatch_rejected <- ..\..\HONOR\TTS_MultiModel\tests\test_security.py PASSED [ 56%]
tests/test_security.py::TestAudioUploadValidation::test_unknown_format_allowed <- ..\..\HONOR\TTS_MultiModel\tests\test_security.py PASSED [ 56%]
tests/test_security.py::TestAudioUploadValidation::test_m4a_detection <- ..\..\HONOR\TTS_MultiModel\tests\test_security.py PASSED [ 56%]
tests/test_security.py::TestPathTraversal::test_validate_path_normal <- ..\..\HONOR\TTS_MultiModel\tests\test_security.py PASSED [ 57%]
tests/test_security.py::TestPathTraversal::test_validate_path_traversal_rejected <- ..\..\HONOR\TTS_MultiModel\tests\test_security.py PASSED [ 57%]
tests/test_security.py::TestPathTraversal::test_validate_path_absolute_rejected <- ..\..\HONOR\TTS_MultiModel\tests\test_security.py PASSED [ 57%]
tests/test_security.py::TestPromptCacheSecurity::test_no_pickle_import <- ..\..\HONOR\TTS_MultiModel\tests\test_security.py PASSED [ 57%]
tests/test_security.py::TestPromptCacheSecurity::test_cache_file_extension_is_json <- ..\..\HONOR\TTS_MultiModel\tests\test_security.py PASSED [ 58%]
tests/test_security.py::TestPromptCacheSecurity::test_metadata_extension_is_json <- ..\..\HONOR\TTS_MultiModel\tests\test_security.py PASSED [ 58%]
tests/test_service_layer.py::TestGenerationResult::test_defaults PASSED  [ 58%]
tests/test_service_layer.py::TestGenerationResult::test_to_dict PASSED   [ 58%]
tests/test_service_layer.py::TestGenerationResult::test_to_dict_returns_new_dict PASSED [ 58%]
tests/test_service_layer.py::TestLoadResult::test_defaults PASSED        [ 59%]
tests/test_service_layer.py::TestLoadResult::test_success PASSED         [ 59%]
tests/test_service_layer.py::TestSwitchResult::test_defaults PASSED      [ 59%]
tests/test_service_layer.py::TestSwitchResult::test_success PASSED       [ 59%]
tests/test_service_layer.py::TestModelStatus::test_defaults PASSED       [ 60%]
tests/test_service_layer.py::TestModelStatus::test_with_values PASSED    [ 60%]
tests/test_service_layer.py::TestPersonaInfo::test_defaults PASSED       [ 60%]
tests/test_service_layer.py::TestPersonaInfo::test_with_values PASSED    [ 60%]
tests/test_service_layer.py::TestTTSGenerationServiceHelpers::test_extract_generation_result_tuple_with_audio_info PASSED [ 61%]
tests/test_service_layer.py::TestTTSGenerationServiceHelpers::test_extract_generation_result_string_path PASSED [ 61%]
tests/test_service_layer.py::TestTTSGenerationServiceHelpers::test_extract_generation_result_tuple_audio_info_str PASSED [ 61%]
tests/test_service_layer.py::TestTTSGenerationServiceHelpers::test_extract_generation_result_non_tuple PASSED [ 61%]
tests/test_service_layer.py::TestTTSGenerationServiceHelpers::test_extract_generation_result_empty PASSED [ 62%]
tests/test_service_layer.py::TestTTSGenerationServiceHelpers::test_estimate_duration_nonexistent_file PASSED [ 62%]
tests/test_service_layer.py::TestTTSGenerationServiceHelpers::test_estimate_duration_with_filesize PASSED [ 62%]
tests/test_service_layer.py::TestTTSGenerationServiceGeneration::test_generate_voice_design_success PASSED [ 62%]
tests/test_service_layer.py::TestTTSGenerationServiceGeneration::test_generate_voice_design_engine_not_ready PASSED [ 62%]
tests/test_service_layer.py::TestTTSGenerationServiceGeneration::test_generate_voice_clone_success PASSED [ 63%]
tests/test_service_layer.py::TestTTSGenerationServiceGeneration::test_generate_ultimate_clone_requires_voxcpm2 PASSED [ 63%]
tests/test_service_layer.py::TestTTSGenerationServiceGeneration::test_generate_ultimate_clone_success PASSED [ 63%]
tests/test_service_layer.py::TestTTSGenerationServiceGeneration::test_generate_script_success PASSED [ 63%]
tests/test_service_layer.py::TestTTSGenerationServiceGeneration::test_generate_voice_design_exception_propagates PASSED [ 64%]
tests/test_service_layer.py::TestTTSGenerationServiceGeneration::test_save_version_record_failure_is_safe PASSED [ 64%]
tests/test_service_layer.py::TestTTSGenerationServiceStreaming::test_generate_streaming_success PASSED [ 64%]
tests/test_service_layer.py::TestTTSGenerationServiceStreaming::test_generate_streaming_tobytes PASSED [ 64%]
tests/test_service_layer.py::TestTTSGenerationServiceStreaming::test_generate_streaming_tuple_format PASSED [ 65%]
tests/test_service_layer.py::TestModelService::test_load_model_voxcpm2_success PASSED [ 65%]
tests/test_service_layer.py::TestModelService::test_load_model_voxcpm2_failure PASSED [ 65%]
tests/test_service_layer.py::TestModelService::test_load_model_indextts2_success PASSED [ 65%]
tests/test_service_layer.py::TestModelService::test_load_model_unknown_engine PASSED [ 65%]
tests/test_service_layer.py::TestModelService::test_load_model_exception PASSED [ 66%]
tests/test_service_layer.py::TestModelService::test_unload_model PASSED  [ 66%]
tests/test_service_layer.py::TestModelService::test_unload_model_raises PASSED [ 66%]
tests/test_service_layer.py::TestModelService::test_switch_engine_success PASSED [ 66%]
tests/test_service_layer.py::TestModelService::test_switch_engine_exception PASSED [ 67%]
tests/test_service_layer.py::TestModelService::test_get_model_status PASSED [ 67%]
tests/test_service_layer.py::TestPersonaService::test_cache_validation PASSED [ 67%]
tests/test_service_layer.py::TestPersonaService::test_list_personas_empty PASSED [ 67%]
tests/test_service_layer.py::TestPersonaService::test_list_personas_with_no_persona_marker PASSED [ 68%]
tests/test_service_layer.py::TestPersonaService::test_get_persona_not_found PASSED [ 68%]
tests/test_service_layer.py::TestPersonaService::test_get_persona_invalid_name PASSED [ 68%]
tests/test_service_layer.py::TestPersonaService::test_delete_persona_success PASSED [ 68%]
tests/test_service_layer.py::TestPersonaService::test_delete_persona_failure PASSED [ 68%]
tests/test_service_layer.py::TestSingletons::test_get_generation_service_singleton PASSED [ 69%]
tests/test_service_layer.py::TestSingletons::test_get_model_service_singleton PASSED [ 69%]
tests/test_service_layer.py::TestSingletons::test_get_persona_service_singleton PASSED [ 69%]
tests/test_service_layer_signal_taskqueue.py::TestServiceLayerDataclasses::test_generation_result_to_dict PASSED [ 69%]
tests/test_service_layer_signal_taskqueue.py::TestServiceLayerDataclasses::test_load_result_defaults PASSED [ 70%]
tests/test_service_layer_signal_taskqueue.py::TestServiceLayerDataclasses::test_switch_result_defaults PASSED [ 70%]
tests/test_service_layer_signal_taskqueue.py::TestServiceLayerDataclasses::test_model_status_defaults PASSED [ 70%]
tests/test_service_layer_signal_taskqueue.py::TestServiceLayerDataclasses::test_persona_info_defaults PASSED [ 70%]
tests/test_service_layer_signal_taskqueue.py::TestServiceLayerSingletons::test_get_generation_service_singleton PASSED [ 71%]
tests/test_service_layer_signal_taskqueue.py::TestServiceLayerSingletons::test_get_model_service_singleton PASSED [ 71%]
tests/test_service_layer_signal_taskqueue.py::TestServiceLayerSingletons::test_get_persona_service_singleton PASSED [ 71%]
tests/test_service_layer_signal_taskqueue.py::TestServiceLayerSingletons::test_persona_service_cache_invalidity PASSED [ 71%]
tests/test_service_layer_signal_taskqueue.py::TestSignalHandlers::test_shutdown_flag_initially_not_set PASSED [ 72%]
tests/test_service_layer_signal_taskqueue.py::TestSignalHandlers::test_check_graceful_shutdown_false PASSED [ 72%]
tests/test_service_layer_signal_taskqueue.py::TestSignalHandlers::test_check_graceful_shutdown_true PASSED [ 72%]
tests/test_service_layer_signal_taskqueue.py::TestSignalHandlers::test_is_shutdown_requested PASSED [ 72%]
tests/test_service_layer_signal_taskqueue.py::TestSignalHandlers::test_register_unregister_signal_handlers PASSED [ 72%]
tests/test_service_layer_signal_taskqueue.py::TestSignalHandlers::test_register_with_callbacks PASSED [ 73%]
tests/test_service_layer_signal_taskqueue.py::TestSignalHandlers::test_wait_for_shutdown_timeout PASSED [ 73%]
tests/test_service_layer_signal_taskqueue.py::TestSignalHandlers::test_signal_handler_context PASSED [ 73%]
tests/test_service_layer_signal_taskqueue.py::TestTaskQueue::test_get_queue_status_initial PASSED [ 73%]
tests/test_service_layer_signal_taskqueue.py::TestTaskQueue::test_is_generation_active_false PASSED [ 74%]
tests/test_service_layer_signal_taskqueue.py::TestTaskQueue::test_cancel_nonexistent_generation PASSED [ 74%]
tests/test_service_layer_signal_taskqueue.py::TestTaskQueue::test_create_background_task PASSED [ 74%]
tests/test_signal_handlers.py::TestShutdownFlag::test_initially_not_set PASSED [ 74%]
tests/test_signal_handlers.py::TestShutdownFlag::test_set_and_clear PASSED [ 75%]
tests/test_signal_handlers.py::TestCheckGracefulShutdown::test_returns_false_when_not_set PASSED [ 75%]
tests/test_signal_handlers.py::TestCheckGracefulShutdown::test_returns_true_when_set PASSED [ 75%]
tests/test_signal_handlers.py::TestIsShutdownRequested::test_returns_false_when_not_set PASSED [ 75%]
tests/test_signal_handlers.py::TestIsShutdownRequested::test_returns_true_when_set PASSED [ 75%]
tests/test_signal_handlers.py::TestResetShutdownFlag::test_resets_flag PASSED [ 76%]
tests/test_signal_handlers.py::TestRegisterUnregister::test_register_and_unregister PASSED [ 76%]
tests/test_signal_handlers.py::TestRegisterUnregister::test_register_with_checkpoint_callback PASSED [ 76%]
tests/test_signal_handlers.py::TestRegisterUnregister::test_register_with_cleanup_callbacks PASSED [ 76%]
tests/test_signal_handlers.py::TestRegisterUnregister::test_checkpoint_callback_failure_is_safe PASSED [ 77%]
tests/test_signal_handlers.py::TestRegisterUnregister::test_cleanup_callback_failure_is_safe PASSED [ 77%]
tests/test_signal_handlers.py::TestWaitForShutdown::test_timeout_returns_false PASSED [ 77%]
tests/test_signal_handlers.py::TestWaitForShutdown::test_signaled_returns_true PASSED [ 77%]
tests/test_signal_handlers.py::TestSignalHandlerContext::test_context_manager_enters_and_exits PASSED [ 78%]
tests/test_signal_handlers.py::TestSignalHandlerContext::test_context_manager_with_callbacks PASSED [ 78%]
tests/test_signal_handlers.py::TestSignalHandlerContext::test_context_manager_restores_on_exception PASSED [ 78%]
tests/test_signal_handlers.py::TestCreateTrainingCheckpointCallback::test_creates_callable PASSED [ 78%]
tests/test_signal_handlers.py::TestCreateTrainingCheckpointCallback::test_callback_handles_ddp_model PASSED [ 79%]
tests/test_signal_handlers.py::TestModuleStateReset::test_state_cleared_after_unregister PASSED [ 79%]
tests/test_sse.py::TestSSE::test_format_time_estimate <- ..\..\HONOR\TTS_MultiModel\tests\test_sse.py PASSED [ 79%]
tests/test_sse.py::TestSSE::test_sse_router_exists <- ..\..\HONOR\TTS_MultiModel\tests\test_sse.py PASSED [ 79%]
tests/test_sse.py::TestSSE::test_sse_endpoint_defined <- ..\..\HONOR\TTS_MultiModel\tests\test_sse.py PASSED [ 79%]
tests/test_task_queue.py::TestGenerationJob::test_creation PASSED        [ 80%]
tests/test_task_queue.py::TestCreateBackgroundTask::test_creates_and_runs_task PASSED [ 80%]
tests/test_task_queue.py::TestCreateBackgroundTask::test_task_added_to_background_set PASSED [ 80%]
tests/test_task_queue.py::TestInitShutdownQueue::test_init_creates_queue PASSED [ 80%]
tests/test_task_queue.py::TestInitShutdownQueue::test_init_creates_worker PASSED [ 81%]
tests/test_task_queue.py::TestInitShutdownQueue::test_double_init_without_force PASSED [ 81%]
tests/test_task_queue.py::TestInitShutdownQueue::test_force_reinit PASSED [ 81%]
tests/test_task_queue.py::TestInitShutdownQueue::test_shutdown_clears_state PASSED [ 81%]
tests/test_task_queue.py::TestQueueStatus::test_get_queue_status_returns_dict PASSED [ 82%]
tests/test_task_queue.py::TestQueueStatus::test_get_queue_status_initial PASSED [ 82%]
tests/test_task_queue.py::TestQueueStatus::test_is_generation_active_false_for_nonexistent PASSED [ 82%]
tests/test_task_queue.py::TestCancelGeneration::test_cancel_nonexistent_returns_none PASSED [ 82%]
tests/test_task_queue.py::TestCancelGeneration::test_cancel_queued_generation PASSED [ 82%]
tests/test_task_queue.py::TestCancelGeneration::test_cancel_running_generation PASSED [ 83%]
tests/test_task_queue.py::TestEnqueueGeneration::test_enqueue_when_queue_not_initialized_raises PASSED [ 83%]
tests/test_task_queue.py::TestEnqueueGeneration::test_enqueue_and_process PASSED [ 83%]
tests/test_task_queue.py::TestEnqueueGeneration::test_enqueue_marks_queued PASSED [ 83%]
tests/test_task_queue.py::TestSerialProcessing::test_tasks_processed_serially PASSED [ 84%]
tests/test_task_queue.py::TestSerialProcessing::test_cancelled_queued_task_is_skipped PASSED [ 84%]
tests/test_task_queue.py::TestNotifyFailed::test_notify_generation_failed_silent_on_import_error PASSED [ 84%]
tests/test_task_queue.py::TestNotifyFailed::test_force_fail_if_active_silent PASSED [ 84%]
tests/test_utils.py::TestValidateAudioUpload::test_valid_wav_file <- ..\..\HONOR\TTS_MultiModel\tests\test_utils.py PASSED [ 85%]
tests/test_utils.py::TestValidateAudioUpload::test_invalid_extension <- ..\..\HONOR\TTS_MultiModel\tests\test_utils.py PASSED [ 85%]
tests/test_utils.py::TestValidateAudioUpload::test_no_file <- ..\..\HONOR\TTS_MultiModel\tests\test_utils.py PASSED [ 85%]
tests/test_utils.py::TestValidateAudioUpload::test_empty_filename <- ..\..\HONOR\TTS_MultiModel\tests\test_utils.py PASSED [ 85%]
tests/test_utils.py::TestValidateTextInput::test_valid_text <- ..\..\HONOR\TTS_MultiModel\tests\test_utils.py PASSED [ 86%]
tests/test_utils.py::TestValidateTextInput::test_empty_text <- ..\..\HONOR\TTS_MultiModel\tests\test_utils.py PASSED [ 86%]
tests/test_utils.py::TestValidateTextInput::test_whitespace_only <- ..\..\HONOR\TTS_MultiModel\tests\test_utils.py PASSED [ 86%]
tests/test_utils.py::TestValidateTextInput::test_too_long_text <- ..\..\HONOR\TTS_MultiModel\tests\test_utils.py PASSED [ 86%]
tests/training/test_data.py::TestDatasetEntry::test_creation SKIPPED     [ 86%]
tests/training/test_data.py::TestDatasetEntry::test_creation_without_speaker SKIPPED [ 87%]
tests/training/test_data.py::TestHFVoxCPMDatasetScan::test_nonexistent_dir_raises SKIPPED [ 87%]
tests/training/test_data.py::TestHFVoxCPMDatasetScan::test_empty_dir_raises SKIPPED [ 87%]
tests/training/test_data.py::TestHFVoxCPMDatasetScan::test_scan_wav_txt_pairs SKIPPED [ 87%]
tests/training/test_data.py::TestHFVoxCPMDatasetScan::test_scan_missing_txt_skipped SKIPPED [ 88%]
tests/training/test_data.py::TestHFVoxCPMDatasetScan::test_scan_metadata_jsonl SKIPPED [ 88%]
tests/training/test_data.py::TestHFVoxCPMDatasetScan::test_scan_metadata_jsonl_missing_fields SKIPPED [ 88%]
tests/training/test_data.py::TestHFVoxCPMDatasetScan::test_duration_filtering SKIPPED [ 88%]
tests/training/test_data.py::TestHFVoxCPMDatasetScan::test_split_ratio SKIPPED [ 89%]
tests/training/test_data.py::TestHFVoxCPMDatasetScan::test_seed_reproducibility SKIPPED [ 89%]
tests/training/test_data.py::TestHFVoxCPMDatasetStats::test_stats_with_entries SKIPPED [ 89%]
tests/training/test_data.py::TestHFVoxCPMDatasetStats::test_stats_empty_entries SKIPPED [ 89%]
tests/training/test_data.py::TestPadSequences::test_pad_empty SKIPPED    [ 89%]
tests/training/test_data.py::TestPadSequences::test_pad_single SKIPPED   [ 90%]
tests/training/test_data.py::TestPadSequences::test_pad_multiple SKIPPED [ 90%]
tests/training/test_data.py::TestCollateFn::test_collate_basic SKIPPED   [ 90%]
tests/training/test_data.py::TestBatchProcessor::test_init_simple SKIPPED [ 90%]
tests/training/test_data.py::TestBatchProcessor::test_tokenize_without_tokenizer SKIPPED [ 91%]
tests/training/test_data.py::TestBatchProcessor::test_tokenize_with_callable_encoder SKIPPED [ 91%]
tests/training/test_data.py::TestBatchProcessor::test_tokenize_truncation SKIPPED [ 91%]
tests/training/test_data.py::TestBatchProcessor::test_tokenize_exception_fallback SKIPPED [ 91%]
tests/training/test_data.py::TestBatchProcessor::test_call_empty_batch SKIPPED [ 92%]
tests/training/test_data.py::TestBatchProcessor::test_properties SKIPPED [ 92%]
tests/training/test_packers.py::TestLengthSortedBatchPacker::test_init_defaults SKIPPED [ 92%]
tests/training/test_packers.py::TestLengthSortedBatchPacker::test_init_custom_params SKIPPED [ 92%]
tests/training/test_packers.py::TestLengthSortedBatchPacker::test_init_invalid_max_tokens_fallback SKIPPED [ 93%]
tests/training/test_packers.py::TestLengthSortedBatchPacker::test_init_negative_max_tokens_fallback SKIPPED [ 93%]
tests/training/test_packers.py::TestLengthSortedBatchPacker::test_pack_empty_list SKIPPED [ 93%]
tests/training/test_packers.py::TestLengthSortedBatchPacker::test_pack_single_entry SKIPPED [ 93%]
tests/training/test_packers.py::TestLengthSortedBatchPacker::test_pack_multiple_entries_fit_one_batch SKIPPED [ 93%]
tests/training/test_packers.py::TestLengthSortedBatchPacker::test_pack_entries_split_into_batches SKIPPED [ 94%]
tests/training/test_packers.py::TestLengthSortedBatchPacker::test_pack_sorts_by_length_descending SKIPPED [ 94%]
tests/training/test_packers.py::TestLengthSortedBatchPacker::test_pack_negative_sort_key_skipped SKIPPED [ 94%]
tests/training/test_packers.py::TestLengthSortedBatchPacker::test_pack_sort_key_exception_skipped SKIPPED [ 94%]
tests/training/test_packers.py::TestLengthSortedBatchPacker::test_pack_best_fit_placement SKIPPED [ 95%]
tests/training/test_packers.py::TestDynamicBucketPacker::test_init_defaults SKIPPED [ 95%]
tests/training/test_packers.py::TestDynamicBucketPacker::test_init_custom_boundaries SKIPPED [ 95%]
tests/training/test_packers.py::TestDynamicBucketPacker::test_init_invalid_max_tokens SKIPPED [ 95%]
tests/training/test_packers.py::TestDynamicBucketPacker::test_bucket_index_short SKIPPED [ 96%]
tests/training/test_packers.py::TestDynamicBucketPacker::test_bucket_index_medium SKIPPED [ 96%]
tests/training/test_packers.py::TestDynamicBucketPacker::test_bucket_index_long SKIPPED [ 96%]
tests/training/test_packers.py::TestDynamicBucketPacker::test_pack_empty SKIPPED [ 96%]
tests/training/test_packers.py::TestDynamicBucketPacker::test_pack_multiple_buckets SKIPPED [ 96%]
tests/training/test_packers.py::TestDynamicBucketPacker::test_pack_negative_duration_skipped SKIPPED [ 97%]
tests/training/test_packers.py::TestDynamicBucketPacker::test_pack_type_error_duration_skipped SKIPPED [ 97%]
tests/training/test_packers.py::TestAudioFeatureProcessingPacker::test_init SKIPPED [ 97%]
tests/training/test_packers.py::TestAudioFeatureProcessingPacker::test_first_pad_position_no_pad SKIPPED [ 97%]
tests/training/test_packers.py::TestAudioFeatureProcessingPacker::test_first_pad_position_with_pad SKIPPED [ 98%]
tests/training/test_packers.py::TestAudioFeatureProcessingPacker::test_unpad_text_tokens_no_pad SKIPPED [ 98%]
tests/training/test_packers.py::TestAudioFeatureProcessingPacker::test_unpad_text_tokens_with_pad SKIPPED [ 98%]
tests/training/test_packers.py::TestAudioFeatureProcessingPacker::test_unpad_audio_tokens SKIPPED [ 98%]
tests/training/test_packers.py::TestAudioFeatureProcessingPacker::test_call_basic SKIPPED [ 99%]
tests/training/test_packers.py::TestAudioFeatureProcessingPacker::test_process_tts_data SKIPPED [ 99%]
tests/training/test_packers.py::TestAudioFeatureProcessingPacker::test_process_tts_data_with_prompt SKIPPED [ 99%]
tests/training/test_packers.py::TestAudioFeatureProcessingPacker::test_encode_audio SKIPPED [ 99%]
tests/training/test_packers.py::TestAudioFeatureProcessingPacker::test_extract_audio_feats SKIPPED [100%]

============================== warnings summary ===============================
WPy64-312101\python\Lib\site-packages\requests\__init__.py:113
  c:\Users\Doro\TTS_MultiModel\WPy64-312101\python\Lib\site-packages\requests\__init__.py:113: RequestsDependencyWarning: urllib3 (2.6.3) or chardet (7.4.3)/charset_normalizer (3.4.6) doesn't match a supported version!
    warnings.warn(

tests/test_csrf_integration.py::TestCSRFMiddleware::test_post_with_valid_csrf_token
tests/test_csrf_integration.py::TestCSRFMiddleware::test_post_with_mismatched_csrf_token
  c:\Users\Doro\TTS_MultiModel\WPy64-312101\python\Lib\site-packages\starlette\testclient.py:445: DeprecationWarning: Setting per-request cookies=<...> is being deprecated, because the expected behaviour on cookie persistence is ambiguous. Set cookies directly on the client instance instead.
    return super().request(

tests/test_task_queue.py::TestNotifyFailed::test_notify_generation_failed_silent_on_import_error
  c:\Users\Doro\TTS_MultiModel\WPy64-312101\python\Lib\site-packages\_pytest\logging.py:402: RuntimeWarning: coroutine 'TestSerialProcessing.test_cancelled_queued_task_is_skipped.<locals>.task_b' was never awaited
    self.records = []
  Enable tracemalloc to get traceback where the object was allocated.
  See https://docs.pytest.org/en/stable/how-to/capture-warnings.html#resource-warnings for more info.

-- Docs: https://docs.pytest.org/en/stable/how-to/capture-warnings.html
=============================== tests coverage ================================
______________ coverage: platform win32, python 3.12.10-final-0 _______________

Name                                                         Stmts   Miss  Cover   Missing
------------------------------------------------------------------------------------------
bin\integrated_app\__init__.py                                   4      2    50%   48-50
bin\integrated_app\app_server.py                               324    183    44%   57, 127-129, 158, 182-184, 187, 195-197, 217, 224-225, 231-232, 265-447, 499, 545-547, 550-563, 599, 601, 617-618, 631-633, 641-642, 656-673
bin\integrated_app\audio_processing.py                         584    401    31%   52, 63, 74, 85, 135-137, 146-148, 155-157, 177-223, 260-267, 270, 274, 298, 304-306, 329-330, 349, 364-366, 378-379, 440-441, 450-452, 464-490, 501-526, 538-551, 689-697, 706, 715, 743-827, 845-858, 891-967, 1022-1033, 1043-1053, 1058, 1070-1071, 1074, 1079-1081, 1085, 1095, 1105-1111, 1136-1207, 1233-1289, 1348, 1363-1364, 1414-1454, 1474-1475, 1500-1530, 1557, 1570, 1580, 1594-1597
bin\integrated_app\auth.py                                      85     30    65%   61-85, 208, 216, 248, 255-257, 260, 264-266
bin\integrated_app\bad_case_retry.py                           177    114    36%   173-238, 260-366, 390-473
bin\integrated_app\batch_inference.py                          148    148     0%   8-339
bin\integrated_app\cache.py                                    177     38    79%   222-235, 240-244, 257, 265-267, 278, 296-300, 308-309, 352-356, 364-368
bin\integrated_app\cli.py                                      361    361     0%   27-1096
bin\integrated_app\config.py                                   178     47    74%   51-53, 93, 99-103, 109, 113-114, 121, 128-132, 138, 146-150, 207-208, 222-223, 230-231, 262-264, 288, 298-302, 311-325, 331, 338
bin\integrated_app\config_models.py                            133      7    95%   244, 351-353, 462, 485, 495, 509
bin\integrated_app\cross_platform.py                           200    200     0%   18-512
bin\integrated_app\emotion_control.py                          261    261     0%   13-825
bin\integrated_app\emotion_tags.py                             110    110     0%   7-435
bin\integrated_app\engine_interface.py                         110     51    54%   52, 64, 76, 112, 143, 174, 202, 268, 298, 323, 335, 354, 369, 382, 426, 440, 448, 554-591, 614, 625, 638, 649, 714-715
bin\integrated_app\engine_ui_data.py                            89     89     0%   18-480
bin\integrated_app\engines\__init__.py                           5      0   100%
bin\integrated_app\engines\dotstts_engine.py                   109     59    46%   103, 112-146, 153, 162-163, 199-222, 246-269, 310-313, 327-332
bin\integrated_app\engines\indextts2_engine.py                 250    210    16%   254-320, 339-371, 388-451, 465-482, 493-506, 563-726, 763, 785-797, 812, 836-871, 930, 964, 984, 993, 1002, 1022, 1056-1074, 1094, 1115
bin\integrated_app\engines\voxcpm2\__init__.py                   9      0   100%
bin\integrated_app\engines\voxcpm2\_base.py                    197    158    20%   139-144, 201-227, 248-254, 277-285, 362-630
bin\integrated_app\engines\voxcpm2\clone.py                    252    231     8%   85-163, 189-193, 240-300, 368-612
bin\integrated_app\engines\voxcpm2\decorators.py                38     24    37%   72-102
bin\integrated_app\engines\voxcpm2\design.py                   128    111    13%   75-98, 114, 167-300, 352-439
bin\integrated_app\engines\voxcpm2\engine.py                    99     76    23%   108, 134-150, 178-183, 231-238, 283-290, 343-364, 416-437, 492-499, 547-554, 598-634, 655-669, 691-705, 724-738, 765-770
bin\integrated_app\engines\voxcpm2\lora.py                     341    301    12%   87-95, 112-137, 163-200, 235-404, 420-470, 478-495, 507-527, 537-553, 571-663, 673-686, 701, 714-715, 734-750, 765-778, 796-809, 824-837, 850-863, 880-881, 889, 900
bin\integrated_app\engines\voxcpm2\prompt.py                   202    186     8%   76-116, 148-197, 241-407, 427-466, 490-514
bin\integrated_app\engines\voxcpm2\script.py                   341    304    11%   93-98, 117-190, 207-223, 233-241, 288-409, 418-438, 473-521, 526-530, 557-656, 661-670, 691-762
bin\integrated_app\engines\voxcpm2\streaming.py                210    187    11%   96-136, 152-162, 214-408, 442-530
bin\integrated_app\engines\voxcpm2\ultimate.py                 229    182    21%   118-147, 162-168, 173-179, 184-190, 223-247, 279-317, 391-530, 551-604, 646-724
bin\integrated_app\engines\voxcpm2_engine.py                     1      0   100%
bin\integrated_app\estimator.py                                216    135    38%   95-97, 102-122, 130-138, 142, 155-161, 180-184, 188-194, 200-212, 216-217, 224, 226, 228, 239-263, 267-269, 280-300, 311, 329-345, 356-365, 378-389, 405-414
bin\integrated_app\exceptions.py                                90     18    80%   96, 136, 160-164, 295, 353-355, 386-388, 419-421, 461
bin\integrated_app\fts_tokenizer.py                             37     37     0%   17-100
bin\integrated_app\generation.py                               391    221    43%   66-120, 157-159, 183, 185, 190, 205-209, 215, 217, 303, 331, 359, 365, 395-403, 422-456, 492, 503, 513, 518, 523, 525, 575, 585, 594-595, 599, 650-663, 667-673, 715-802, 828-847, 875-876, 919-965
bin\integrated_app\generation_versioning.py                    152    113    26%   62-63, 99-123, 127-154, 176-201, 209-230, 241-249, 260-271, 282-289, 312-323, 337-349, 363-377, 381-387, 405-409, 415-418
bin\integrated_app\gpu_backend.py                              435    182    58%   97, 106-110, 123-128, 145-156, 168-172, 184-188, 200-201, 210-216, 235, 237-240, 242-243, 255-256, 265-271, 283-288, 297, 306, 318, 346, 355, 367, 379, 391, 403, 432, 441, 462, 473, 482, 494, 520, 529, 541, 554, 566, 578, 614, 623, 644, 653, 662, 674, 701, 710, 722, 734, 746, 758, 784, 793, 814, 823, 832, 844, 870, 879, 891, 903, 915, 927, 953, 962, 983, 992, 1001, 1013, 1118-1141, 1151-1153, 1168-1190, 1211, 1216-1224, 1230, 1265-1266, 1278-1279, 1294-1295, 1312-1314, 1333-1335, 1354-1356, 1380-1381, 1430-1431, 1447-1448, 1460-1461, 1473-1474, 1489-1490, 1506-1507
bin\integrated_app\gpu_utils.py                                173     88    49%   56-75, 107-111, 171-172, 176-177, 182-186, 194-199, 202-203, 208-212, 224-225, 230-235, 239-240, 278, 282, 285-291, 295-298, 320-327, 364-366, 436-484
bin\integrated_app\history_db.py                               649    328    49%   229-230, 256-294, 306-313, 325-337, 360-361, 377-379, 446-449, 451, 455-466, 475, 484-485, 616-617, 683-688, 809-822, 833, 850, 879-890, 922, 924, 948-949, 951-952, 954-955, 959, 961, 963, 1034, 1037, 1039, 1044, 1046, 1105, 1107, 1169, 1171, 1209, 1243, 1279-1285, 1291-1294, 1298-1307, 1337-1376, 1399, 1410-1416, 1425-1433, 1449, 1476, 1502-1515, 1529-1542, 1550-1552, 1563-1572, 1584, 1605-1608, 1630-1652, 1675-1734, 1748-1768, 1784-1785, 1823-1873, 1891-1903, 1917-1918, 1927-1928
bin\integrated_app\i18n.py                                     108     52    52%   50, 54-56, 60-67, 95, 99-111, 144-145, 169-174, 180-188, 219, 227-228, 247-253
bin\integrated_app\mcp_server.py                               178    178     0%   26-652
bin\integrated_app\middleware\__init__.py                        0      0   100%
bin\integrated_app\middleware\csrf.py                          102     25    75%   62, 64, 102, 105, 161-166, 184, 188-197, 234-235, 239, 251-253, 279-287, 318-322
bin\integrated_app\middleware\error_handler.py                 185    153    17%   72-75, 105-130, 148-181, 196-209, 228, 249-271, 287-300, 316-346, 362-379, 399-419, 439-460, 486-548, 570-580
bin\integrated_app\middleware\request_id.py                     65     11    83%   53, 66-67, 84-85, 133, 141-145, 165-166
bin\integrated_app\mixed_precision.py                          116    116     0%   14-334
bin\integrated_app\model_manager.py                            668    556    17%   117-118, 124, 127-128, 173, 235-293, 307-317, 330-332, 343-344, 358-359, 377, 394-397, 438-501, 538-644, 686-724, 760-866, 943-999, 1013-1027, 1044-1054, 1069-1070, 1091-1092, 1101, 1125-1159, 1183-1184, 1187, 1209, 1255-1256, 1269, 1294-1312, 1346-1413, 1474-1556, 1589-1592, 1606-1645, 1655, 1665, 1679, 1689
bin\integrated_app\model_optimizer.py                          138    138     0%   21-304
bin\integrated_app\model_registry.py                           293    179    39%   129-152, 164, 232, 313-314, 319-320, 324-325, 335-336, 346-347, 352-353, 357-358, 363-364, 368-369, 397-406, 441-451, 467-472, 476-481, 485-487, 491-492, 496-497, 510-518, 528-530, 539-552, 572-573, 585-586, 597-611, 645-684, 708-731, 749-761, 774-775, 820, 830, 841, 849, 860, 871-890, 898-903
bin\integrated_app\monitor.py                                  270    206    24%   30-50, 120-147, 155-157, 170-185, 200-210, 225-227, 231, 239-253, 290, 313-354, 375, 383-384, 398-430, 440-526, 536-539, 553
bin\integrated_app\openai_api.py                               351    351     0%   12-981
bin\integrated_app\persona_manager.py                          246    216    12%   82-86, 101-127, 152-233, 249-254, 259-260, 277-285, 309-352, 364-367, 398-453, 458-460, 476-498, 516-551, 567-568
bin\integrated_app\persona_metadata.py                         103     75    27%   95-106, 114, 142, 173-178, 191, 213, 222, 246-267, 286-301, 319-337, 351-357
bin\integrated_app\progress.py                                 223     95    57%   89-94, 163, 165-166, 179-183, 191-194, 219-233, 245-264, 279-280, 300, 306-344, 367-368, 416-428, 455-463, 487-488, 507-508
bin\integrated_app\prompt_cache.py                             553    263    52%   44-45, 52-53, 96-102, 112-114, 136-147, 151-152, 158-160, 163-172, 183-190, 193, 198-221, 226-240, 338-344, 350-363, 402-407, 415-417, 430-442, 458, 465-466, 468-479, 504, 508-509, 512-513, 517-523, 529-538, 541, 545, 549-552, 564-601, 612-617, 679-685, 690-695, 698, 712-713, 726-737, 749-755, 771, 773-786, 788-790, 811-812, 816-817, 826, 832, 851, 904-905, 1004-1008
bin\integrated_app\ras_sampling.py                             241    174    28%   117-125, 132, 137-138, 143-144, 152-182, 193-194, 204-205, 213-215, 226-227, 235-236, 247-248, 252-257, 270-288, 296-301, 309-314, 345-375, 400-426, 454-483, 512-570, 598-599, 604, 609, 617, 625, 641, 666, 681, 701-710, 720, 724, 728, 732-733, 737-742, 759-760
bin\integrated_app\resampling.py                               206    154    25%   109-134, 146-151, 163, 175-178, 187-202, 220-226, 240-245, 259-277, 305-308, 351-426, 445-463, 488-514, 544-546, 551, 571-573, 600-602, 631-647, 661-666, 674, 697-711, 717
bin\integrated_app\routes\__init__.py                            0      0   100%
bin\integrated_app\routes\audio.py                             376    301    20%   109-129, 153-176, 185-192, 210-211, 237-266, 277-285, 311-339, 357-364, 382-390, 406-429, 450-487, 507-559, 578-627, 640-668, 677-693, 702-719, 725-741, 747-753, 762-763
bin\integrated_app\routes\generate\__init__.py                   5      0   100%
bin\integrated_app\routes\generate\generic\__init__.py           5      0   100%
bin\integrated_app\routes\generate\generic\clone.py             30     21    30%   89-128
bin\integrated_app\routes\generate\indextts2\__init__.py         3      0   100%
bin\integrated_app\routes\generate\indextts2\synthesize.py      99     81    18%   206-378
bin\integrated_app\routes\generate\utils.py                    401    317    21%   111-130, 142, 174-207, 232-237, 264-272, 304-378, 385, 393, 413-423, 453-478, 494-513, 527-528, 559-582, 606-650, 670-700, 732-752, 769-783, 803-810, 823-824, 857-888, 902, 915-917, 957-995, 1020-1068, 1108-1111, 1158-1174
bin\integrated_app\routes\generate\voxcpm2\__init__.py           3      0   100%
bin\integrated_app\routes\generate\voxcpm2\clone.py            111     91    18%   164-226, 286-336, 390-496
bin\integrated_app\routes\generate\voxcpm2\design.py            41     31    24%   136-226
bin\integrated_app\routes\generate\voxcpm2\script.py            41     31    24%   154-244
bin\integrated_app\routes\generate\voxcpm2\streaming.py        248    201    19%   139-160, 192-211, 249-267, 286-305, 316-323, 377-509, 560-665, 704-788, 829-867, 898-906
bin\integrated_app\routes\model.py                             318    270    15%   97-121, 126-131, 136-145, 167-195, 218-308, 324-332, 348-363, 373-378, 399-461, 478-479, 499-515, 530-542, 557-572, 582-594, 604-628, 638-652, 667-672
bin\integrated_app\routes\pages.py                              52     33    37%   74-99, 115-128, 149-181, 196
bin\integrated_app\routes\persona.py                            36     20    44%   52-55, 77-83, 114-131
bin\integrated_app\routes\sse.py                               302    219    27%   79-92, 153-167, 176-181, 209-210, 213-227, 235, 242, 246-249, 261-265, 296-318, 378-698
bin\integrated_app\routes\system\__init__.py                    14      0   100%
bin\integrated_app\routes\system\gpu.py                        253    214    15%   87-100, 130-208, 217-228, 239-250, 255-270, 275-292, 305-376, 391-413, 432-489
bin\integrated_app\routes\system\health.py                     237    194    18%   76-81, 90-91, 100, 119, 140-193, 203-239, 254-260, 280-298, 308-457, 470-477
bin\integrated_app\routes\system\logs.py                       208    156    25%   134-148, 159-169, 172-173, 181, 195-222, 237-257, 262-271, 292-301, 311-326, 338-383, 395-422, 438-494, 511-524
bin\integrated_app\routes\system\settings.py                   468    355    24%   249-260, 265-278, 287-295, 308-327, 332-341, 346-354, 359-369, 374-398, 413-568, 577-626, 635-682, 691-698, 703-742, 751-774, 783-788, 793-821
bin\integrated_app\routes\tabs.py                              124     78    37%   100-102, 106-111, 126, 148, 180-185, 189-194, 199-204, 212-269, 283-286
bin\integrated_app\routes\training.py                          203    153    25%   43-44, 91-104, 116-126, 158-160, 167-172, 183, 193-207, 239-385, 404-418, 433-436
bin\integrated_app\service_layer.py                            450    148    67%   147-177, 186-209, 281, 327-328, 337-338, 419-420, 429-430, 470-475, 515-516, 524-525, 568-573, 602-603, 612-613, 645-650, 673-674, 681-682, 703-707, 740, 761, 767-768, 844, 859, 924, 926, 1014-1050, 1064, 1078-1117, 1140-1167, 1201-1202
bin\integrated_app\signal_handlers.py                          113     20    82%   84, 147-150, 175-177, 278-308
bin\integrated_app\streaming_monitor.py                         76     76     0%   21-175
bin\integrated_app\task_queue.py                               227     90    60%   81-84, 95, 112-124, 155, 173-174, 199-204, 285-286, 289, 317, 364-372, 376-405, 418-425, 440-445, 456-458, 471-486, 490-492
bin\integrated_app\text_frontend.py                            674    564    16%   256-283, 296-365, 376-377, 384, 396-397, 409-411, 423, 439, 459-514, 536-607, 621-668, 676-694, 713-739, 749-781, 785-797, 801-813, 817-842, 846-848, 852-855, 859-866, 870-877, 881-890, 894-895, 899-901, 915, 927-990, 998-1004, 1014-1036, 1048-1052, 1063-1065, 1069-1086, 1090-1140, 1144-1153, 1157-1167, 1179-1184, 1192-1239, 1249-1267, 1277-1285, 1300-1307, 1321-1338, 1348-1353, 1370-1427, 1438-1448, 1458-1475, 1497, 1512-1522, 1533, 1546-1552, 1580-1582, 1601-1636, 1647, 1659, 1664, 1669, 1674, 1692-1694, 1707, 1719, 1732
bin\integrated_app\tracker.py                                   54     34    37%   48-54, 65-69, 82-87, 100-104, 114-121, 135-136, 149-151, 158-162
bin\integrated_app\training\__init__.py                          5      3    40%   61-64
bin\integrated_app\training\accelerator.py                     476    386    19%   39-40, 67-85, 89, 93, 97, 101, 105, 109, 129-132, 140-143, 152-161, 169, 180, 184, 188-194, 221-227, 234-279, 283-293, 297-308, 314-319, 322-326, 334-342, 347-353, 358-364, 369-375, 380-386, 391, 415-431, 439-445, 454-468, 476-483, 494-513, 520-532, 536-546, 559-583, 609-698, 702-706, 714-719, 723-726, 731-735, 739-752, 764-778, 783-790, 802-809, 824-831, 839, 847, 851-854, 879-890, 911, 915-917
bin\integrated_app\training\config.py                          209    209     0%   11-545
bin\integrated_app\training\data.py                            358    339     5%   44-906
bin\integrated_app\training\packers.py                         252    252     0%   17-655
bin\integrated_app\training\state.py                           239    239     0%   14-519
bin\integrated_app\training\tracker.py                         313    313     0%   16-698
bin\integrated_app\training_manager.py                           3      3     0%   21-25
bin\integrated_app\training_utils.py                             3      3     0%   26-30
bin\integrated_app\utils.py                                     73     58    21%   69-120, 136-140, 156-178
bin\integrated_app\vendor\__init__.py                            0      0   100%
bin\integrated_app\vendor\tn\__init__.py                         0      0   100%
bin\integrated_app\vendor\tn\chinese\__init__.py                 6      6     0%   10-33
bin\integrated_app\vendor\tn\chinese\normalizer.py               2      2     0%   2-4
bin\integrated_app\vendor\tn\english\__init__.py                 6      6     0%   10-32
bin\integrated_app\vendor\tn\english\normalizer.py               2      2     0%   2-4
bin\integrated_app\vllm_backend.py                             157    157     0%   36-448
bin\integrated_app\voice_clone_utils.py                        200    200     0%   17-501
bin\integrated_app\watermark.py                                198    198     0%   21-492
------------------------------------------------------------------------------------------
TOTAL                                                        19215  14209    26%
Required test coverage of 20% reached. Total coverage: 26.05%
========= 353 passed, 76 skipped, 44 deselected, 4 warnings in 44.30s =========
